<?xml version="1.0" encoding="UTF-8"?>
<!-- Generated by org.testng.reporters.JUnitXMLReporter -->
<testsuite ignored="0" hostname="LAPTOP-GVMPPMFO" failures="0" tests="6" name="Test" time="0.156" errors="0" timestamp="2022-09-22T10:58:57 IST">
  <testcase classname="testPack.testclass2" name="test123" time="0.012"/>
  <testcase classname="testPack.testclass2" name="test345" time="0.004"/>
  <testcase classname="testPack.testclass2" name="test456" time="0.003"/>
  <testcase classname="testPack.testclass1" name="test123" time="0.002"/>
  <testcase classname="testPack.testclass1" name="test345" time="0.003"/>
  <testcase classname="testPack.testclass1" name="test456" time="0.009"/>
</testsuite> <!-- Test -->
