<?xml version="1.0" encoding="UTF-8"?>
<testng-results ignored="0" total="2" passed="2" failed="0" skipped="0">
  <reporter-output>
  </reporter-output>
  <suite started-at="2022-09-24T00:50:15 IST" name="Suite" finished-at="2022-09-24T00:51:39 IST" duration-ms="83407">
    <groups>
    </groups>
    <test started-at="2022-09-24T00:50:15 IST" name="chromeTest" finished-at="2022-09-24T00:50:42 IST" duration-ms="26777">
      <class name="testPack.verifyuser">
        <test-method is-config="true" signature="launchBrowser(java.lang.String)[pri:0, instance:testPack.verifyuser@4f18837a]" started-at="2022-09-24T00:50:15 IST" name="launchBrowser" finished-at="2022-09-24T00:50:29 IST" duration-ms="13373" status="PASS">
          <params>
            <param index="0">
              <value>
                <![CDATA[Chrome]]>
              </value>
            </param>
          </params>
          <reporter-output>
          </reporter-output>
        </test-method> <!-- launchBrowser -->
        <test-method is-config="true" signature="createPomClassObject()[pri:0, instance:testPack.verifyuser@4f18837a]" started-at="2022-09-24T00:50:29 IST" name="createPomClassObject" finished-at="2022-09-24T00:50:29 IST" duration-ms="163" status="PASS">
          <reporter-output>
          </reporter-output>
        </test-method> <!-- createPomClassObject -->
        <test-method is-config="true" signature="beforemethod()[pri:0, instance:testPack.verifyuser@4f18837a]" started-at="2022-09-24T00:50:29 IST" name="beforemethod" finished-at="2022-09-24T00:50:38 IST" duration-ms="8968" status="PASS">
          <reporter-output>
          </reporter-output>
        </test-method> <!-- beforemethod -->
        <test-method signature="test123()[pri:0, instance:testPack.verifyuser@4f18837a]" started-at="2022-09-24T00:50:38 IST" name="test123" finished-at="2022-09-24T00:50:41 IST" duration-ms="3161" status="PASS">
          <reporter-output>
          </reporter-output>
        </test-method> <!-- test123 -->
        <test-method is-config="true" signature="ClickOnBack()[pri:0, instance:testPack.verifyuser@4f18837a]" started-at="2022-09-24T00:50:41 IST" name="ClickOnBack" finished-at="2022-09-24T00:50:42 IST" duration-ms="872" status="PASS">
          <reporter-output>
          </reporter-output>
        </test-method> <!-- ClickOnBack -->
        <test-method is-config="true" signature="CleanPomObjects()[pri:0, instance:testPack.verifyuser@4f18837a]" started-at="2022-09-24T00:50:42 IST" name="CleanPomObjects" finished-at="2022-09-24T00:50:42 IST" duration-ms="1" status="PASS">
          <reporter-output>
          </reporter-output>
        </test-method> <!-- CleanPomObjects -->
        <test-method is-config="true" signature="ClosedBrowser()[pri:0, instance:testPack.verifyuser@4f18837a]" started-at="2022-09-24T00:50:42 IST" name="ClosedBrowser" finished-at="2022-09-24T00:50:42 IST" duration-ms="183" status="PASS">
          <reporter-output>
          </reporter-output>
        </test-method> <!-- ClosedBrowser -->
      </class> <!-- testPack.verifyuser -->
    </test> <!-- chromeTest -->
    <test started-at="2022-09-24T00:50:42 IST" name="firefoxTest" finished-at="2022-09-24T00:51:39 IST" duration-ms="56427">
      <class name="testPack.verifyuser">
        <test-method is-config="true" signature="launchBrowser(java.lang.String)[pri:0, instance:testPack.verifyuser@59662a0b]" started-at="2022-09-24T00:50:42 IST" name="launchBrowser" finished-at="2022-09-24T00:51:06 IST" duration-ms="24118" status="PASS">
          <params>
            <param index="0">
              <value>
                <![CDATA[Firefox]]>
              </value>
            </param>
          </params>
          <reporter-output>
          </reporter-output>
        </test-method> <!-- launchBrowser -->
        <test-method is-config="true" signature="createPomClassObject()[pri:0, instance:testPack.verifyuser@59662a0b]" started-at="2022-09-24T00:51:06 IST" name="createPomClassObject" finished-at="2022-09-24T00:51:06 IST" duration-ms="0" status="PASS">
          <reporter-output>
          </reporter-output>
        </test-method> <!-- createPomClassObject -->
        <test-method is-config="true" signature="beforemethod()[pri:0, instance:testPack.verifyuser@59662a0b]" started-at="2022-09-24T00:51:06 IST" name="beforemethod" finished-at="2022-09-24T00:51:34 IST" duration-ms="28127" status="PASS">
          <reporter-output>
          </reporter-output>
        </test-method> <!-- beforemethod -->
        <test-method signature="test123()[pri:0, instance:testPack.verifyuser@59662a0b]" started-at="2022-09-24T00:51:34 IST" name="test123" finished-at="2022-09-24T00:51:38 IST" duration-ms="3158" status="PASS">
          <reporter-output>
          </reporter-output>
        </test-method> <!-- test123 -->
        <test-method is-config="true" signature="ClickOnBack()[pri:0, instance:testPack.verifyuser@59662a0b]" started-at="2022-09-24T00:51:38 IST" name="ClickOnBack" finished-at="2022-09-24T00:51:38 IST" duration-ms="772" status="PASS">
          <reporter-output>
          </reporter-output>
        </test-method> <!-- ClickOnBack -->
        <test-method is-config="true" signature="ClosedBrowser()[pri:0, instance:testPack.verifyuser@59662a0b]" started-at="2022-09-24T00:51:38 IST" name="ClosedBrowser" finished-at="2022-09-24T00:51:39 IST" duration-ms="245" status="PASS">
          <reporter-output>
          </reporter-output>
        </test-method> <!-- ClosedBrowser -->
        <test-method is-config="true" signature="CleanPomObjects()[pri:0, instance:testPack.verifyuser@59662a0b]" started-at="2022-09-24T00:51:38 IST" name="CleanPomObjects" finished-at="2022-09-24T00:51:38 IST" duration-ms="0" status="PASS">
          <reporter-output>
          </reporter-output>
        </test-method> <!-- CleanPomObjects -->
      </class> <!-- testPack.verifyuser -->
    </test> <!-- firefoxTest -->
  </suite> <!-- Suite -->
</testng-results>
